app/build/outputs/logs/manifest-merger-release-report.txt
-- Merging decision tree log ---
manifest
ADDED from src\main\AndroidManifest.xml:2:1-49:12
	package
		ADDED from src\main\AndroidManifest.xml:3:5-47
		INJECTED from src\main\AndroidManifest.xml
		INJECTED from src\main\AndroidManifest.xml
	android:versionName
		ADDED from src\main\AndroidManifest.xml:5:5-30
		INJECTED from src\main\AndroidManifest.xml
		INJECTED from src\main\AndroidManifest.xml
	android:versionCode
		ADDED from src\main\AndroidManifest.xml:4:5-28
		INJECTED from src\main\AndroidManifest.xml
		INJECTED from src\main\AndroidManifest.xml
	xmlns:android
		ADDED from src\main\AndroidManifest.xml:2:11-69
uses-permission#android.permission.INTERNET
ADDED from src\main\AndroidManifest.xml:7:5-67
	android:name
		ADDED from src\main\AndroidManifest.xml:7:22-64
uses-permission#android.permission.WRITE_EXTERNAL_STORAGE
ADDED from src\main\AndroidManifest.xml:8:5-81
	android:name
		ADDED from src\main\AndroidManifest.xml:8:22-78
uses-sdk
ADDED from src\main\AndroidManifest.xml:10:5-12:41
	android:maxSdkVersion
		INJECTED from src\main\AndroidManifest.xml
		INJECTED from src\main\AndroidManifest.xml
	android:targetSdkVersion
		ADDED from src\main\AndroidManifest.xml:12:9-38
		INJECTED from src\main\AndroidManifest.xml
		INJECTED from src\main\AndroidManifest.xml
	android:minSdkVersion
		ADDED from src\main\AndroidManifest.xml:11:9-35
		INJECTED from src\main\AndroidManifest.xml
		INJECTED from src\main\AndroidManifest.xml
application
ADDED from src\main\AndroidManifest.xml:14:5-47:19
	android:label
		ADDED from src\main\AndroidManifest.xml:17:9-41
	android:allowBackup
		ADDED from src\main\AndroidManifest.xml:15:9-35
	android:icon
		ADDED from src\main\AndroidManifest.xml:16:9-45
	android:theme
		ADDED from src\main\AndroidManifest.xml:18:9-40
activity#com.simpity.pushkin.pikovaiaDama.MainActivity
ADDED from src\main\AndroidManifest.xml:19:9-29:16
	android:label
		ADDED from src\main\AndroidManifest.xml:19:80-112
	android:name
		ADDED from src\main\AndroidManifest.xml:19:19-79
intent-filter#android.intent.action.MAIN+android.intent.category.LAUNCHER
ADDED from src\main\AndroidManifest.xml:22:9-27:21
action#android.intent.action.MAIN
ADDED from src\main\AndroidManifest.xml:24:9-60
	android:name
		ADDED from src\main\AndroidManifest.xml:24:17-58
category#android.intent.category.LAUNCHER
ADDED from src\main\AndroidManifest.xml:25:9-68
	android:name
		ADDED from src\main\AndroidManifest.xml:25:19-66
activity#com.simpity.pushkin.pikovaiaDama.FileChooser
ADDED from src\main\AndroidManifest.xml:30:9-33:20
	android:label
		ADDED from src\main\AndroidManifest.xml:32:13-61
	android:name
		ADDED from src\main\AndroidManifest.xml:31:13-72
activity#com.simpity.pushkin.pikovaiaDama.BookView
ADDED from src\main\AndroidManifest.xml:34:9-37:20
	android:label
		ADDED from src\main\AndroidManifest.xml:36:13-61
	android:name
		ADDED from src\main\AndroidManifest.xml:35:13-69
activity#com.simpity.pushkin.pikovaiaDama.DataView
ADDED from src\main\AndroidManifest.xml:38:9-41:20
	android:label
		ADDED from src\main\AndroidManifest.xml:40:13-61
	android:name
		ADDED from src\main\AndroidManifest.xml:39:13-69
activity#com.simpity.pushkin.pikovaiaDama.AudioView
ADDED from src\main\AndroidManifest.xml:42:9-45:20
	android:label
		ADDED from src\main\AndroidManifest.xml:44:13-62
	android:name
		ADDED from src\main\AndroidManifest.xml:43:13-70